<?xml version="1.0" encoding="UTF-8"?>
<!-- Generated by org.testng.reporters.JUnitReportReporter -->
<testsuite hostname="HCA-5X9S542" name="page.classes.UsingTestNG" tests="1" failures="0" timestamp="24 Feb 2016 10:06:00 GMT" time="41.060" errors="0">
  <testcase name="test" time="41.060" classname="page.classes.UsingTestNG"/>
</testsuite> <!-- page.classes.UsingTestNG -->
