<?xml version="1.0" encoding="UTF-8"?>
<!-- Generated by org.testng.reporters.JUnitReportReporter -->
<testsuite hostname="HCA-5X9S542" name="page.classes.NewTest" tests="1" failures="0" timestamp="16 Feb 2016 14:24:54 GMT" time="0.012" errors="0">
  <testcase name="f" time="0.012" classname="page.classes.NewTest"/>
</testsuite> <!-- page.classes.NewTest -->
