<?xml version="1.0" encoding="UTF-8"?>
<!-- Generated by org.testng.reporters.JUnitReportReporter -->
<testsuite hostname="HCA-5X9S542" name="page.classes.UsingLog4j" tests="1" failures="0" timestamp="22 Feb 2016 09:28:36 GMT" time="37.157" errors="0">
  <testcase name="test" time="37.157" classname="page.classes.UsingLog4j"/>
</testsuite> <!-- page.classes.UsingLog4j -->
