<?xml version="1.0" encoding="UTF-8"?>
<!-- Generated by org.testng.reporters.JUnitReportReporter -->
<testsuite hostname="HCA-5X9S542" name="page.page.classes.DemoTestNG" tests="1" failures="0" timestamp="16 Feb 2016 12:24:22 GMT" time="0.027" errors="0">
  <testcase name="f" time="0.027" classname="page.page.classes.DemoTestNG"/>
</testsuite> <!-- page.page.classes.DemoTestNG -->
